=== Stage 2.2 Environment Check ===
timestamp: 2026-05-24T23:33:03
pwd: C:\Users\HUAWEI\Downloads\temp_git_clone\STReasoner_reproduce
script: 00_new_codes\repro_autodl\experiments\scripts\stage2_2_script\run_paper_cases.py
project_root: C:\Users\HUAWEI\Downloads\temp_git_clone\STReasoner_reproduce\00_new_codes
repo_root: C:\Users\HUAWEI\Downloads\temp_git_clone\STReasoner_reproduce
git branch: main
git status --short:
?? 00_new_codes/repro_autodl/experiments/scripts/stage2_2_script/
?? 00_new_codes/repro_autodl/experiments/stage2_2_subsets/
python --version: Python 3.11.4
torch environment unavailable: ModuleNotFoundError: No module named 'torch'
nvidia-smi:
unavailable: FileNotFoundError: [WinError 2] 系统找不到指定的文件。
df -h /cloud/cloud-ssd1:
unavailable: FileNotFoundError: [WinError 2] 系统找不到指定的文件。
HF_HOME=D:\hf_cache
TRANSFORMERS_CACHE=D:\hf_cache\transformers
HF_HUB_CACHE=D:\hf_cache\hub
HF_DATASETS_CACHE=D:\hf_cache\datasets
TORCH_HOME=D:\torch_cache
=== Prepare Stage 2.2 Paper Cases ===
source paper cases dir: 00_new_codes\repro_kaggle\experiments\stage1_subsets\exp1_resource_tiny20\paper_cases
source paper cases file: 00_new_codes\repro_kaggle\experiments\stage1_subsets\exp1_resource_tiny20\paper_cases\paper_cases_matched.jsonl
stage 2.2 paper cases file: 00_new_codes\repro_autodl\experiments\stage2_2_subsets\experiment1_paper_cases\paper_cases_matched.jsonl
Wrote stage 2.2 paper cases: 00_new_codes\repro_autodl\experiments\stage2_2_subsets\experiment1_paper_cases\paper_cases_matched.jsonl
prepare_summary: {"paper_cases_path": "00_new_codes\\repro_autodl\\experiments\\stage2_2_subsets\\experiment1_paper_cases\\paper_cases_matched.jsonl", "source_path": "00_new_codes\\repro_kaggle\\experiments\\stage1_subsets\\exp1_resource_tiny20\\paper_cases\\paper_cases_matched.jsonl", "status": "written", "selection_method": "copy_stage1_paper_cases_matched", "rows": 4, "task_counts": {"etiological": 1, "entity": 1, "correlation": 1, "forecasting": 1}, "sample_ids": ["paper_appendix_h_table6_etiological_line118", "paper_appendix_h_table7_entity_line982", "paper_appendix_h_table8_correlation_line547", "paper_appendix_h_table9_forecasting_line9"]}
